#-----------------------------------------------------------
# Vivado v2019.1 (64-bit)
# SW Build 2552052 on Fri May 24 14:47:09 MDT 2019
# IP Build 2548770 on Fri May 24 18:01:18 MDT 2019
# Start of session at: Sun Mar 27 17:02:48 2022
# Process ID: 34878
# Current directory: /home/xkz/Courses/COD_Lab/Lab2/Lab2_Register_Files
# Command line: vivado
# Log file: /home/xkz/Courses/COD_Lab/Lab2/Lab2_Register_Files/vivado.log
# Journal file: /home/xkz/Courses/COD_Lab/Lab2/Lab2_Register_Files/vivado.jou
#-----------------------------------------------------------
start_gui
open_project /home/xkz/Courses/COD_Lab/Lab2/Lab2_Register_Files/Lab2_Register_Files.xpr
INFO: [Project 1-313] Project file moved from '/home/xkz/Lab2_Register_Files' since last save.
Scanning sources...
Finished scanning sources
INFO: [IP_Flow 19-234] Refreshing IP repositories
INFO: [IP_Flow 19-1704] No user IP repositories specified
INFO: [IP_Flow 19-2313] Loaded Vivado IP repository '/mnt/Vivado/2019.1/data/ip'.
file mkdir /home/xkz/Courses/COD_Lab/Lab2/Lab2_Register_Files/Lab2_Register_Files.srcs/sources_1/new
close [ open /home/xkz/Courses/COD_Lab/Lab2/Lab2_Register_Files/Lab2_Register_Files.srcs/sources_1/new/register_file.v w ]
add_files /home/xkz/Courses/COD_Lab/Lab2/Lab2_Register_Files/Lab2_Register_Files.srcs/sources_1/new/register_file.v
update_compile_order -fileset sources_1
exit
INFO: [Common 17-206] Exiting Vivado at Sun Mar 27 17:08:05 2022...
